<?xml version="1.0" encoding="UTF-8"?>
<!-- Generated by org.testng.reporters.JUnitXMLReporter -->
<testsuite ignored="0" hostname="CFS-LP-0064" failures="1" tests="1" name="Test" time="0.122" errors="0" timestamp="2023-02-03T12:24:18 IST">
  <testcase classname="test.LambdaTest" name="runTest" time="0.055">
    <failure type="java.lang.NullPointerException" message="Cannot invoke &amp;quot;org.openqa.selenium.remote.RemoteWebDriver.get(String)&amp;quot; because &amp;quot;remoteDriver.driver&amp;quot; is null">
      <![CDATA[java.lang.NullPointerException: Cannot invoke "org.openqa.selenium.remote.RemoteWebDriver.get(String)" because "remoteDriver.driver" is null
at test.LambdaTestScenarios.testScenario1(LambdaTestScenarios.java:20)
at test.LambdaTest.runTest(LambdaTest.java:11)
at java.base/java.util.ArrayList.forEach(ArrayList.java:1511)
... Removed 27 stack frames]]>
    </failure>
  </testcase> <!-- runTest -->
</testsuite> <!-- Test -->
